<?xml version="1.0" encoding="UTF-8"?>
<!-- Generated by org.testng.reporters.JUnitXMLReporter -->
<testsuite hostname="DESKTOP-LI1K35D" failures="1" tests="1" name="Validating the title in page" time="67.501" errors="0" timestamp="7 Jul 2021 07:15:58 GMT">
  <testcase classname="EtoE.ValidateTitle" name="basePageNavigation" time="0.701">
    <failure type="java.lang.AssertionError" message="expected [FEATURED COU123RSES] but found [FEATURED COURSES]">
      <![CDATA[java.lang.AssertionError: expected [FEATURED COU123RSES] but found [FEATURED COURSES]
	at EtoE.ValidateTitle.basePageNavigation(ValidateTitle.java:41)
	at java.base/java.util.concurrent.FutureTask.run(FutureTask.java:264)
	at java.base/java.util.concurrent.ThreadPoolExecutor.runWorker(ThreadPoolExecutor.java:1130)
	at java.base/java.util.concurrent.ThreadPoolExecutor$Worker.run(ThreadPoolExecutor.java:630)
	at java.base/java.lang.Thread.run(Thread.java:831)
... Removed 21 stack frames]]>
    </failure>
  </testcase> <!-- basePageNavigation -->
</testsuite> <!-- Validating the title in page -->
